<?xml version="1.0" encoding="UTF-8"?><testsuite name="Chrome_560292487_Mac_OS.util.getOutlineRange" errors="0" failures="0" tests="12" time="0.040000003">
<testcase classname="Chrome_560292487_Mac_OS.util.getOutlineRange" name="testRangeOneDiagonal" time="0.01"/>
<testcase classname="Chrome_560292487_Mac_OS.util.getOutlineRange" name="testRangeTwoDiagonal" time="0.001"/>
<testcase classname="Chrome_560292487_Mac_OS.util.getOutlineRange" name="testRangeThreeDiagonal" time="0.003"/>
<testcase classname="Chrome_560292487_Mac_OS.util.getOutlineRange" name="testRangeFourDiagonal" time="0.003"/>
<testcase classname="Chrome_560292487_Mac_OS.util.getOutlineRange" name="testRangeOneVertical" time="0.0"/>
<testcase classname="Chrome_560292487_Mac_OS.util.getOutlineRange" name="testRangeTwoVertical" time="0.001"/>
<testcase classname="Chrome_560292487_Mac_OS.util.getOutlineRange" name="testRangeThreeVertical" time="0.002"/>
<testcase classname="Chrome_560292487_Mac_OS.util.getOutlineRange" name="testRangeFourVertical" time="0.001"/>
<testcase classname="Chrome_560292487_Mac_OS.util.getOutlineRange" name="testObstuctedOnce" time="0.007"/>
<testcase classname="Chrome_560292487_Mac_OS.util.getOutlineRange" name="testObstuctedTwice" time="0.003"/>
<testcase classname="Chrome_560292487_Mac_OS.util.getOutlineRange" name="testObstuctedOnceDebris" time="0.003"/>
<testcase classname="Chrome_560292487_Mac_OS.util.getOutlineRange" name="testObstuctedByBomb" time="0.006"/>
</testsuite>
